  main.cpp
  GLM: rotate function taking degrees as a parameter is deprecated. #define GLM_FORCE_RADIANS before including GLM headers to remove this message.
  GLM: rotate_slow function taking degrees as a parameter is deprecated. #define GLM_FORCE_RADIANS before including GLM headers to remove this message.
  GLM: perspective function taking degrees as a parameter is deprecated. #define GLM_FORCE_RADIANS before including GLM headers to remove this message.
  GLM: perspectiveFov function taking degrees as a parameter is deprecated. #define GLM_FORCE_RADIANS before including GLM headers to remove this message.
  GLM: infinitePerspective function taking degrees as a parameter is deprecated. #define GLM_FORCE_RADIANS before including GLM headers to remove this message.
  GLM: tweakedInfinitePerspective function taking degrees as a parameter is deprecated. #define GLM_FORCE_RADIANS before including GLM headers to remove this message.
  GLM: rotate function taking degrees as a parameter is deprecated. #define GLM_FORCE_RADIANS before including GLM headers to remove this message.
  GLM: roll function returning degrees is deprecated. #define GLM_FORCE_RADIANS before including GLM headers to remove this message.
  GLM: pitch function returning degrees is deprecated. #define GLM_FORCE_RADIANS before including GLM headers to remove this message.
  GLM: yaw function returning degrees is deprecated. #define GLM_FORCE_RADIANS before including GLM headers to remove this message.
  GLM: angle function returning degrees is deprecated. #define GLM_FORCE_RADIANS before including GLM headers to remove this message.
  GLM: angleAxis function taking degrees as a parameter is deprecated. #define GLM_FORCE_RADIANS before including GLM headers to remove this message.
D:\Miao\Study\code\learn_opengl\ACCAT_OGL\main.cpp(287,29): warning C4305: 'initializing': truncation from 'double' to 'float'
D:\Miao\Study\code\learn_opengl\ACCAT_OGL\main.cpp(312,34): warning C4305: 'argument': truncation from 'double' to 'GLfloat'
D:\Miao\Study\code\learn_opengl\ACCAT_OGL\main.cpp(326,22): warning C4244: '=': conversion from 'double' to 'float', possible loss of data
D:\Miao\Study\code\learn_opengl\ACCAT_OGL\main.cpp(257,25): warning C4101: 'EBO': unreferenced local variable
D:\Miao\Study\code\learn_opengl\ACCAT_OGL\main.cpp(390,11): warning C4244: 'initializing': conversion from 'double' to 'float', possible loss of data
D:\Miao\Study\code\learn_opengl\ACCAT_OGL\main.cpp(391,6): warning C4244: 'initializing': conversion from 'double' to 'float', possible loss of data
D:\Miao\Study\code\learn_opengl\ACCAT_OGL\main.cpp(392,6): warning C4244: 'initializing': conversion from 'double' to 'float', possible loss of data
D:\Miao\Study\code\learn_opengl\ACCAT_OGL\main.cpp(401,14): warning C4244: 'initializing': conversion from 'double' to 'float', possible loss of data
D:\Miao\Study\code\learn_opengl\ACCAT_OGL\main.cpp(402,18): warning C4244: 'initializing': conversion from 'double' to 'float', possible loss of data
D:\Miao\Study\code\learn_opengl\ACCAT_OGL\main.cpp(403,16): warning C4244: 'initializing': conversion from 'double' to 'float', possible loss of data
D:\Miao\Study\code\learn_opengl\ACCAT_OGL\main.cpp(416,8): warning C4244: '=': conversion from 'double' to 'float', possible loss of data
  GLM: perspective function taking degrees as a parameter is deprecated. #define GLM_FORCE_RADIANS before including GLM headers to remove this message.
  GLM: rotate function taking degrees as a parameter is deprecated. #define GLM_FORCE_RADIANS before including GLM headers to remove this message.
  ACCAT_OGL.vcxproj -> D:\Miao\Study\code\learn_opengl\ACCAT_OGL\x64\Debug\ACCAT_OGL.exe
